0 info it worked if it ends with ok
1 verbose cli [ '/usr/bin/nodejs', '/usr/bin/npm', 'publish' ]
2 info using npm@3.10.10
3 info using node@v6.11.2
4 verbose publish [ '.' ]
5 silly cache add args [ '.', null ]
6 verbose cache add spec .
7 silly cache add parsed spec Result {
7 silly cache add   raw: '.',
7 silly cache add   scope: null,
7 silly cache add   escapedName: null,
7 silly cache add   name: null,
7 silly cache add   rawSpec: '.',
7 silly cache add   spec: '/home/donghm/git/olp/OlympicTraining/Prepare for exam 2/dong/nodered-server/data/nodes/dashboard',
7 silly cache add   type: 'directory' }
8 verbose addLocalDirectory /home/donghm/.npm/dashboard/1.0.0/package.tgz not in flight; packing
9 verbose correctMkdir /home/donghm/.npm correctMkdir not in flight; initializing
10 info lifecycle dashboard@1.0.0~prepublish: dashboard@1.0.0
11 silly lifecycle dashboard@1.0.0~prepublish: no script for prepublish, continuing
12 verbose tar pack [ '/home/donghm/.npm/dashboard/1.0.0/package.tgz',
12 verbose tar pack   '/home/donghm/git/olp/OlympicTraining/Prepare for exam 2/dong/nodered-server/data/nodes/dashboard' ]
13 verbose tarball /home/donghm/.npm/dashboard/1.0.0/package.tgz
14 verbose folder /home/donghm/git/olp/OlympicTraining/Prepare for exam 2/dong/nodered-server/data/nodes/dashboard
15 verbose addLocalTarball adding from inside cache /home/donghm/.npm/dashboard/1.0.0/package.tgz
16 verbose correctMkdir /home/donghm/.npm correctMkdir not in flight; initializing
17 silly cache afterAdd dashboard@1.0.0
18 verbose afterAdd /home/donghm/.npm/dashboard/1.0.0/package/package.json not in flight; writing
19 verbose correctMkdir /home/donghm/.npm correctMkdir not in flight; initializing
20 verbose afterAdd /home/donghm/.npm/dashboard/1.0.0/package/package.json written
21 silly publish { name: 'dashboard',
21 silly publish   version: '1.0.0',
21 silly publish   description: 'Dashboard for user interfaces',
21 silly publish   dependencies: { express: '4.15.3' },
21 silly publish   main: 'none',
21 silly publish   scripts:
21 silly publish    { test: 'echo "Error: no test specified" && exit 1',
21 silly publish      start: 'node server.js' },
21 silly publish   author: { name: 'Ha Manh Dong' },
21 silly publish   license: 'ISC',
21 silly publish   'node-red': { nodes: { dashboard: 'dashboard.js' } },
21 silly publish   readme: '# node-red-contrib-dashboard\n\nThis module provide a set of widgets to show information about devices and sensors to user, and also provide charts: line, bar, pie, doughnut to virtualization data.\n\n\n## Pre-requisites\n\nNode node-red-contrib-dashboard requires Node-RED version 0.14 or more recent and express module version 4.15.3\n\n## Install\n\nTo install the stable version run the following command in your Node-RED user directory (typically `~/.node-red`):\n\n    npm i node-red-contrib-dashboard\n\nOpen your Node-RED instance and you should have one new node in input category and one new node in output category.\n',
21 silly publish   readmeFilename: 'README.md',
21 silly publish   _id: 'dashboard@1.0.0',
21 silly publish   _shasum: '255ab89ebc98932983c1154a95be5174eae1ed69',
21 silly publish   _from: '.' }
22 verbose getPublishConfig undefined
23 silly mapToRegistry name dashboard
24 silly mapToRegistry using default registry
25 silly mapToRegistry registry https://registry.npmjs.org/
26 silly mapToRegistry data Result {
26 silly mapToRegistry   raw: 'dashboard',
26 silly mapToRegistry   scope: null,
26 silly mapToRegistry   escapedName: 'dashboard',
26 silly mapToRegistry   name: 'dashboard',
26 silly mapToRegistry   rawSpec: '',
26 silly mapToRegistry   spec: 'latest',
26 silly mapToRegistry   type: 'tag' }
27 silly mapToRegistry uri https://registry.npmjs.org/dashboard
28 verbose publish registryBase https://registry.npmjs.org/
29 silly publish uploading /home/donghm/.npm/dashboard/1.0.0/package.tgz
30 verbose request uri https://registry.npmjs.org/dashboard
31 verbose request sending authorization for write operation
32 info attempt registry request try #1 at 12:46:03 AM
33 verbose request using bearer token for auth
34 verbose request id dbfcd0b4525863e7
35 http request PUT https://registry.npmjs.org/dashboard
36 http 403 https://registry.npmjs.org/dashboard
37 verbose headers { 'content-type': 'application/json',
37 verbose headers   'cache-control': 'max-age=300',
37 verbose headers   'content-length': '103',
37 verbose headers   'accept-ranges': 'bytes',
37 verbose headers   date: 'Fri, 01 Dec 2017 17:47:22 GMT',
37 verbose headers   via: '1.1 varnish',
37 verbose headers   connection: 'keep-alive',
37 verbose headers   'x-served-by': 'cache-hkg17930-HKG',
37 verbose headers   'x-cache': 'MISS',
37 verbose headers   'x-cache-hits': '0',
37 verbose headers   'x-timer': 'S1512150364.814499,VS0,VE78845',
37 verbose headers   vary: 'Accept-Encoding, Accept' }
38 verbose request invalidating /home/donghm/.npm/registry.npmjs.org/dashboard on PUT
39 error publish Failed PUT 403
40 verbose stack Error: You do not have permission to publish "dashboard". Are you logged in as the correct user? : dashboard
40 verbose stack     at makeError (/usr/lib/node_modules/npm/node_modules/npm-registry-client/lib/request.js:302:12)
40 verbose stack     at CachingRegistryClient.<anonymous> (/usr/lib/node_modules/npm/node_modules/npm-registry-client/lib/request.js:290:14)
40 verbose stack     at Request._callback (/usr/lib/node_modules/npm/node_modules/npm-registry-client/lib/request.js:210:14)
40 verbose stack     at Request.self.callback (/usr/lib/node_modules/npm/node_modules/request/request.js:187:22)
40 verbose stack     at emitTwo (events.js:106:13)
40 verbose stack     at Request.emit (events.js:191:7)
40 verbose stack     at Request.<anonymous> (/usr/lib/node_modules/npm/node_modules/request/request.js:1048:10)
40 verbose stack     at emitOne (events.js:96:13)
40 verbose stack     at Request.emit (events.js:188:7)
40 verbose stack     at IncomingMessage.<anonymous> (/usr/lib/node_modules/npm/node_modules/request/request.js:969:12)
41 verbose statusCode 403
42 verbose pkgid dashboard
43 verbose cwd /home/donghm/git/olp/OlympicTraining/Prepare for exam 2/dong/nodered-server/data/nodes/dashboard
44 error Linux 4.2.0-42-generic
45 error argv "/usr/bin/nodejs" "/usr/bin/npm" "publish"
46 error node v6.11.2
47 error npm  v3.10.10
48 error code E403
49 error You do not have permission to publish "dashboard". Are you logged in as the correct user? : dashboard
50 error If you need help, you may report this error at:
50 error     <https://github.com/npm/npm/issues>
51 verbose exit [ 1, true ]
